CRITICAL - 2022-01-27 00:39:55 --> Invalid file: pegawai/grid.php
#0 D:\Project\Personal\ortn-brin\system\View\View.php(198): CodeIgniter\Exceptions\FrameworkException::forInvalidFile('pegawai/grid.ph...')
#1 D:\Project\Personal\ortn-brin\system\Common.php(1089): CodeIgniter\View\View->render('pegawai/grid', Array, true)
#2 D:\Project\Personal\ortn-brin\app\Controllers\Pegawai.php(22): view('pegawai/grid', Array)
#3 D:\Project\Personal\ortn-brin\system\CodeIgniter.php(825): App\Controllers\Pegawai->index('1')
#4 D:\Project\Personal\ortn-brin\system\CodeIgniter.php(412): CodeIgniter\CodeIgniter->runController(Object(App\Controllers\Pegawai))
#5 D:\Project\Personal\ortn-brin\system\CodeIgniter.php(320): CodeIgniter\CodeIgniter->handleRequest(NULL, Object(Config\Cache), false)
#6 D:\Project\Personal\ortn-brin\public\index.php(37): CodeIgniter\CodeIgniter->run()
#7 D:\Project\Personal\ortn-brin\system\Commands\Server\rewrite.php(43): require_once('D:\\Project\\Pers...')
#8 {main}
CRITICAL - 2022-01-27 00:40:23 --> Invalid file: pegawai\grid.php
#0 D:\Project\Personal\ortn-brin\system\View\View.php(198): CodeIgniter\Exceptions\FrameworkException::forInvalidFile('pegawai\\grid.ph...')
#1 D:\Project\Personal\ortn-brin\system\Common.php(1089): CodeIgniter\View\View->render('pegawai\\grid', Array, true)
#2 D:\Project\Personal\ortn-brin\app\Controllers\Pegawai.php(22): view('pegawai\\grid', Array)
#3 D:\Project\Personal\ortn-brin\system\CodeIgniter.php(825): App\Controllers\Pegawai->index('1')
#4 D:\Project\Personal\ortn-brin\system\CodeIgniter.php(412): CodeIgniter\CodeIgniter->runController(Object(App\Controllers\Pegawai))
#5 D:\Project\Personal\ortn-brin\system\CodeIgniter.php(320): CodeIgniter\CodeIgniter->handleRequest(NULL, Object(Config\Cache), false)
#6 D:\Project\Personal\ortn-brin\public\index.php(37): CodeIgniter\CodeIgniter->run()
#7 D:\Project\Personal\ortn-brin\system\Commands\Server\rewrite.php(43): require_once('D:\\Project\\Pers...')
#8 {main}
CRITICAL - 2022-01-27 00:40:56 --> Invalid file: layout/pegawai/grid.php
#0 D:\Project\Personal\ortn-brin\system\View\View.php(198): CodeIgniter\Exceptions\FrameworkException::forInvalidFile('layout/pegawai/...')
#1 D:\Project\Personal\ortn-brin\system\Common.php(1089): CodeIgniter\View\View->render('layout/pegawai/...', Array, true)
#2 D:\Project\Personal\ortn-brin\app\Controllers\Pegawai.php(22): view('layout/pegawai/...', Array)
#3 D:\Project\Personal\ortn-brin\system\CodeIgniter.php(825): App\Controllers\Pegawai->index('1')
#4 D:\Project\Personal\ortn-brin\system\CodeIgniter.php(412): CodeIgniter\CodeIgniter->runController(Object(App\Controllers\Pegawai))
#5 D:\Project\Personal\ortn-brin\system\CodeIgniter.php(320): CodeIgniter\CodeIgniter->handleRequest(NULL, Object(Config\Cache), false)
#6 D:\Project\Personal\ortn-brin\public\index.php(37): CodeIgniter\CodeIgniter->run()
#7 D:\Project\Personal\ortn-brin\system\Commands\Server\rewrite.php(43): require_once('D:\\Project\\Pers...')
#8 {main}
CRITICAL - 2022-01-27 00:43:08 --> Invalid argument supplied for foreach()
#0 D:\Project\Personal\ortn-brin\app\Views\pages\pegawai\view.php(26): CodeIgniter\Debug\Exceptions->errorHandler(2, 'Invalid argumen...', 'D:\\Project\\Pers...', 26, Array)
#1 D:\Project\Personal\ortn-brin\system\View\View.php(210): include('D:\\Project\\Pers...')
#2 D:\Project\Personal\ortn-brin\system\View\View.php(213): CodeIgniter\View\View->CodeIgniter\View\{closure}()
#3 D:\Project\Personal\ortn-brin\system\Common.php(1089): CodeIgniter\View\View->render('pages/pegawai/v...', Array, true)
#4 D:\Project\Personal\ortn-brin\app\Controllers\Pegawai.php(29): view('pages/pegawai/v...')
#5 D:\Project\Personal\ortn-brin\system\CodeIgniter.php(825): App\Controllers\Pegawai->view()
#6 D:\Project\Personal\ortn-brin\system\CodeIgniter.php(412): CodeIgniter\CodeIgniter->runController(Object(App\Controllers\Pegawai))
#7 D:\Project\Personal\ortn-brin\system\CodeIgniter.php(320): CodeIgniter\CodeIgniter->handleRequest(NULL, Object(Config\Cache), false)
#8 D:\Project\Personal\ortn-brin\public\index.php(37): CodeIgniter\CodeIgniter->run()
#9 D:\Project\Personal\ortn-brin\system\Commands\Server\rewrite.php(43): require_once('D:\\Project\\Pers...')
#10 {main}
CRITICAL - 2022-01-27 01:00:57 --> syntax error, unexpected 'echo' (T_ECHO)
#0 D:\Project\Personal\ortn-brin\system\View\View.php(213): CodeIgniter\View\View->CodeIgniter\View\{closure}()
#1 D:\Project\Personal\ortn-brin\system\View\View.php(226): CodeIgniter\View\View->render('layouts/materia...', Array, true)
#2 D:\Project\Personal\ortn-brin\system\Common.php(1089): CodeIgniter\View\View->render('pages/pegawai/g...', Array, true)
#3 D:\Project\Personal\ortn-brin\app\Controllers\Pegawai.php(22): view('pages/pegawai/g...', Array)
#4 D:\Project\Personal\ortn-brin\system\CodeIgniter.php(825): App\Controllers\Pegawai->index()
#5 D:\Project\Personal\ortn-brin\system\CodeIgniter.php(412): CodeIgniter\CodeIgniter->runController(Object(App\Controllers\Pegawai))
#6 D:\Project\Personal\ortn-brin\system\CodeIgniter.php(320): CodeIgniter\CodeIgniter->handleRequest(NULL, Object(Config\Cache), false)
#7 D:\Project\Personal\ortn-brin\public\index.php(37): CodeIgniter\CodeIgniter->run()
#8 D:\Project\Personal\ortn-brin\system\Commands\Server\rewrite.php(43): require_once('D:\\Project\\Pers...')
#9 {main}
CRITICAL - 2022-01-27 04:00:27 --> Cannot use object of type App\Models\PegawaiModel as array
#0 D:\Project\Personal\ortn-brin\system\View\View.php(210): include()
#1 D:\Project\Personal\ortn-brin\system\View\View.php(213): CodeIgniter\View\View->CodeIgniter\View\{closure}()
#2 D:\Project\Personal\ortn-brin\system\Common.php(1089): CodeIgniter\View\View->render('pages/pegawai/f...', Array, true)
#3 D:\Project\Personal\ortn-brin\app\Controllers\Pegawai.php(37): view('pages/pegawai/f...', Array)
#4 D:\Project\Personal\ortn-brin\system\CodeIgniter.php(825): App\Controllers\Pegawai->view('1')
#5 D:\Project\Personal\ortn-brin\system\CodeIgniter.php(412): CodeIgniter\CodeIgniter->runController(Object(App\Controllers\Pegawai))
#6 D:\Project\Personal\ortn-brin\system\CodeIgniter.php(320): CodeIgniter\CodeIgniter->handleRequest(NULL, Object(Config\Cache), false)
#7 D:\Project\Personal\ortn-brin\public\index.php(37): CodeIgniter\CodeIgniter->run()
#8 D:\Project\Personal\ortn-brin\system\Commands\Server\rewrite.php(43): require_once('D:\\Project\\Pers...')
#9 {main}
CRITICAL - 2022-01-27 04:01:18 --> Cannot use object of type App\Models\PegawaiModel as array
#0 D:\Project\Personal\ortn-brin\system\View\View.php(210): include()
#1 D:\Project\Personal\ortn-brin\system\View\View.php(213): CodeIgniter\View\View->CodeIgniter\View\{closure}()
#2 D:\Project\Personal\ortn-brin\system\Common.php(1089): CodeIgniter\View\View->render('pages/pegawai/f...', Array, true)
#3 D:\Project\Personal\ortn-brin\app\Controllers\Pegawai.php(37): view('pages/pegawai/f...', Array)
#4 D:\Project\Personal\ortn-brin\system\CodeIgniter.php(825): App\Controllers\Pegawai->view('1')
#5 D:\Project\Personal\ortn-brin\system\CodeIgniter.php(412): CodeIgniter\CodeIgniter->runController(Object(App\Controllers\Pegawai))
#6 D:\Project\Personal\ortn-brin\system\CodeIgniter.php(320): CodeIgniter\CodeIgniter->handleRequest(NULL, Object(Config\Cache), false)
#7 D:\Project\Personal\ortn-brin\public\index.php(37): CodeIgniter\CodeIgniter->run()
#8 D:\Project\Personal\ortn-brin\system\Commands\Server\rewrite.php(43): require_once('D:\\Project\\Pers...')
#9 {main}
CRITICAL - 2022-01-27 04:01:25 --> Object of class App\Models\PegawaiModel could not be converted to string
#0 D:\Project\Personal\ortn-brin\system\View\View.php(210): include()
#1 D:\Project\Personal\ortn-brin\system\View\View.php(213): CodeIgniter\View\View->CodeIgniter\View\{closure}()
#2 D:\Project\Personal\ortn-brin\system\Common.php(1089): CodeIgniter\View\View->render('pages/pegawai/f...', Array, true)
#3 D:\Project\Personal\ortn-brin\app\Controllers\Pegawai.php(37): view('pages/pegawai/f...', Array)
#4 D:\Project\Personal\ortn-brin\system\CodeIgniter.php(825): App\Controllers\Pegawai->view('1')
#5 D:\Project\Personal\ortn-brin\system\CodeIgniter.php(412): CodeIgniter\CodeIgniter->runController(Object(App\Controllers\Pegawai))
#6 D:\Project\Personal\ortn-brin\system\CodeIgniter.php(320): CodeIgniter\CodeIgniter->handleRequest(NULL, Object(Config\Cache), false)
#7 D:\Project\Personal\ortn-brin\public\index.php(37): CodeIgniter\CodeIgniter->run()
#8 D:\Project\Personal\ortn-brin\system\Commands\Server\rewrite.php(43): require_once('D:\\Project\\Pers...')
#9 {main}
CRITICAL - 2022-01-27 04:04:53 --> Argument 2 passed to CodeIgniter\Database\BaseBuilder::getWhere() must be of the type int or null, string given, called in D:\Project\Personal\ortn-brin\system\Model.php on line 728
#0 D:\Project\Personal\ortn-brin\system\Model.php(728): CodeIgniter\Database\BaseBuilder->getWhere('id', '')
#1 D:\Project\Personal\ortn-brin\app\Libraries\PegawaiLib.php(25): CodeIgniter\Model->__call('getWhere', Array)
#2 D:\Project\Personal\ortn-brin\app\Controllers\Pegawai.php(34): App\Libraries\PegawaiLib->getPegawai('')
#3 D:\Project\Personal\ortn-brin\system\CodeIgniter.php(825): App\Controllers\Pegawai->view('1')
#4 D:\Project\Personal\ortn-brin\system\CodeIgniter.php(412): CodeIgniter\CodeIgniter->runController(Object(App\Controllers\Pegawai))
#5 D:\Project\Personal\ortn-brin\system\CodeIgniter.php(320): CodeIgniter\CodeIgniter->handleRequest(NULL, Object(Config\Cache), false)
#6 D:\Project\Personal\ortn-brin\public\index.php(37): CodeIgniter\CodeIgniter->run()
#7 D:\Project\Personal\ortn-brin\system\Commands\Server\rewrite.php(43): require_once('D:\\Project\\Pers...')
#8 {main}
CRITICAL - 2022-01-27 04:06:42 --> Object of class App\Models\PegawaiModel could not be converted to string
#0 D:\Project\Personal\ortn-brin\system\View\View.php(210): include()
#1 D:\Project\Personal\ortn-brin\system\View\View.php(213): CodeIgniter\View\View->CodeIgniter\View\{closure}()
#2 D:\Project\Personal\ortn-brin\system\Common.php(1089): CodeIgniter\View\View->render('pages/pegawai/f...', Array, true)
#3 D:\Project\Personal\ortn-brin\app\Controllers\Pegawai.php(37): view('pages/pegawai/f...', Array)
#4 D:\Project\Personal\ortn-brin\system\CodeIgniter.php(825): App\Controllers\Pegawai->view('1')
#5 D:\Project\Personal\ortn-brin\system\CodeIgniter.php(412): CodeIgniter\CodeIgniter->runController(Object(App\Controllers\Pegawai))
#6 D:\Project\Personal\ortn-brin\system\CodeIgniter.php(320): CodeIgniter\CodeIgniter->handleRequest(NULL, Object(Config\Cache), false)
#7 D:\Project\Personal\ortn-brin\public\index.php(37): CodeIgniter\CodeIgniter->run()
#8 D:\Project\Personal\ortn-brin\system\Commands\Server\rewrite.php(43): require_once('D:\\Project\\Pers...')
#9 {main}
CRITICAL - 2022-01-27 04:06:52 --> Use of undefined constant npk - assumed 'npk' (this will throw an Error in a future version of PHP)
#0 D:\Project\Personal\ortn-brin\app\Views\pages\pegawai\form.php(17): CodeIgniter\Debug\Exceptions->errorHandler(2, 'Use of undefine...', 'D:\\Project\\Pers...', 17, Array)
#1 D:\Project\Personal\ortn-brin\system\View\View.php(210): include('D:\\Project\\Pers...')
#2 D:\Project\Personal\ortn-brin\system\View\View.php(213): CodeIgniter\View\View->CodeIgniter\View\{closure}()
#3 D:\Project\Personal\ortn-brin\system\Common.php(1089): CodeIgniter\View\View->render('pages/pegawai/f...', Array, true)
#4 D:\Project\Personal\ortn-brin\app\Controllers\Pegawai.php(37): view('pages/pegawai/f...', Array)
#5 D:\Project\Personal\ortn-brin\system\CodeIgniter.php(825): App\Controllers\Pegawai->view('1')
#6 D:\Project\Personal\ortn-brin\system\CodeIgniter.php(412): CodeIgniter\CodeIgniter->runController(Object(App\Controllers\Pegawai))
#7 D:\Project\Personal\ortn-brin\system\CodeIgniter.php(320): CodeIgniter\CodeIgniter->handleRequest(NULL, Object(Config\Cache), false)
#8 D:\Project\Personal\ortn-brin\public\index.php(37): CodeIgniter\CodeIgniter->run()
#9 D:\Project\Personal\ortn-brin\system\Commands\Server\rewrite.php(43): require_once('D:\\Project\\Pers...')
#10 {main}
CRITICAL - 2022-01-27 04:09:24 --> Object of class App\Models\PegawaiModel could not be converted to string
#0 D:\Project\Personal\ortn-brin\system\CodeIgniter.php(825): App\Controllers\Pegawai->view('1')
#1 D:\Project\Personal\ortn-brin\system\CodeIgniter.php(412): CodeIgniter\CodeIgniter->runController(Object(App\Controllers\Pegawai))
#2 D:\Project\Personal\ortn-brin\system\CodeIgniter.php(320): CodeIgniter\CodeIgniter->handleRequest(NULL, Object(Config\Cache), false)
#3 D:\Project\Personal\ortn-brin\public\index.php(37): CodeIgniter\CodeIgniter->run()
#4 D:\Project\Personal\ortn-brin\system\Commands\Server\rewrite.php(43): require_once('D:\\Project\\Pers...')
#5 {main}
CRITICAL - 2022-01-27 04:15:22 --> Object of class App\Models\PegawaiModel could not be converted to string
#0 D:\Project\Personal\ortn-brin\system\CodeIgniter.php(825): App\Controllers\Pegawai->view('1')
#1 D:\Project\Personal\ortn-brin\system\CodeIgniter.php(412): CodeIgniter\CodeIgniter->runController(Object(App\Controllers\Pegawai))
#2 D:\Project\Personal\ortn-brin\system\CodeIgniter.php(320): CodeIgniter\CodeIgniter->handleRequest(NULL, Object(Config\Cache), false)
#3 D:\Project\Personal\ortn-brin\public\index.php(37): CodeIgniter\CodeIgniter->run()
#4 D:\Project\Personal\ortn-brin\system\Commands\Server\rewrite.php(43): require_once('D:\\Project\\Pers...')
#5 {main}
CRITICAL - 2022-01-27 04:15:35 --> Object of class App\Models\PegawaiModel could not be converted to string
#0 D:\Project\Personal\ortn-brin\app\Controllers\Pegawai.php(37): printf(Object(App\Models\PegawaiModel))
#1 D:\Project\Personal\ortn-brin\system\CodeIgniter.php(825): App\Controllers\Pegawai->view('1')
#2 D:\Project\Personal\ortn-brin\system\CodeIgniter.php(412): CodeIgniter\CodeIgniter->runController(Object(App\Controllers\Pegawai))
#3 D:\Project\Personal\ortn-brin\system\CodeIgniter.php(320): CodeIgniter\CodeIgniter->handleRequest(NULL, Object(Config\Cache), false)
#4 D:\Project\Personal\ortn-brin\public\index.php(37): CodeIgniter\CodeIgniter->run()
#5 D:\Project\Personal\ortn-brin\system\Commands\Server\rewrite.php(43): require_once('D:\\Project\\Pers...')
#6 {main}
CRITICAL - 2022-01-27 04:15:41 --> Object of class App\Models\PegawaiModel could not be converted to string
#0 D:\Project\Personal\ortn-brin\system\CodeIgniter.php(825): App\Controllers\Pegawai->view('1')
#1 D:\Project\Personal\ortn-brin\system\CodeIgniter.php(412): CodeIgniter\CodeIgniter->runController(Object(App\Controllers\Pegawai))
#2 D:\Project\Personal\ortn-brin\system\CodeIgniter.php(320): CodeIgniter\CodeIgniter->handleRequest(NULL, Object(Config\Cache), false)
#3 D:\Project\Personal\ortn-brin\public\index.php(37): CodeIgniter\CodeIgniter->run()
#4 D:\Project\Personal\ortn-brin\system\Commands\Server\rewrite.php(43): require_once('D:\\Project\\Pers...')
#5 {main}
