CRITICAL - 2022-01-15 06:54:31 --> Class 'App\Controllers\Libraries\Pegawai' not found
#0 D:\Project\Personal\ortn-brin\system\CodeIgniter.php(825): App\Controllers\Pegawai->index()
#1 D:\Project\Personal\ortn-brin\system\CodeIgniter.php(412): CodeIgniter\CodeIgniter->runController(Object(App\Controllers\Pegawai))
#2 D:\Project\Personal\ortn-brin\system\CodeIgniter.php(320): CodeIgniter\CodeIgniter->handleRequest(NULL, Object(Config\Cache), false)
#3 D:\Project\Personal\ortn-brin\public\index.php(37): CodeIgniter\CodeIgniter->run()
#4 D:\Project\Personal\ortn-brin\system\Commands\Server\rewrite.php(43): require_once('D:\\Project\\Pers...')
#5 {main}
CRITICAL - 2022-01-15 06:55:38 --> Class 'App\Controllers\PegawaiLib' not found
#0 D:\Project\Personal\ortn-brin\system\CodeIgniter.php(825): App\Controllers\Pegawai->index()
#1 D:\Project\Personal\ortn-brin\system\CodeIgniter.php(412): CodeIgniter\CodeIgniter->runController(Object(App\Controllers\Pegawai))
#2 D:\Project\Personal\ortn-brin\system\CodeIgniter.php(320): CodeIgniter\CodeIgniter->handleRequest(NULL, Object(Config\Cache), false)
#3 D:\Project\Personal\ortn-brin\public\index.php(37): CodeIgniter\CodeIgniter->run()
#4 D:\Project\Personal\ortn-brin\system\Commands\Server\rewrite.php(43): require_once('D:\\Project\\Pers...')
#5 {main}
CRITICAL - 2022-01-15 06:56:16 --> Class 'App\Models\PegawaiModel' not found
#0 D:\Project\Personal\ortn-brin\app\Controllers\Pegawai.php(15): App\Libraries\PegawaiLib->getListPegawai()
#1 D:\Project\Personal\ortn-brin\system\CodeIgniter.php(825): App\Controllers\Pegawai->index()
#2 D:\Project\Personal\ortn-brin\system\CodeIgniter.php(412): CodeIgniter\CodeIgniter->runController(Object(App\Controllers\Pegawai))
#3 D:\Project\Personal\ortn-brin\system\CodeIgniter.php(320): CodeIgniter\CodeIgniter->handleRequest(NULL, Object(Config\Cache), false)
#4 D:\Project\Personal\ortn-brin\public\index.php(37): CodeIgniter\CodeIgniter->run()
#5 D:\Project\Personal\ortn-brin\system\Commands\Server\rewrite.php(43): require_once('D:\\Project\\Pers...')
#6 {main}
CRITICAL - 2022-01-15 07:00:16 --> Invalid argument supplied for foreach()
#0 D:\Project\Personal\ortn-brin\app\Views\pegawai.php(26): CodeIgniter\Debug\Exceptions->errorHandler(2, 'Invalid argumen...', 'D:\\Project\\Pers...', 26, Array)
#1 D:\Project\Personal\ortn-brin\system\View\View.php(210): include('D:\\Project\\Pers...')
#2 D:\Project\Personal\ortn-brin\system\View\View.php(213): CodeIgniter\View\View->CodeIgniter\View\{closure}()
#3 D:\Project\Personal\ortn-brin\system\Common.php(1089): CodeIgniter\View\View->render('pegawai', Array, true)
#4 D:\Project\Personal\ortn-brin\app\Controllers\Pegawai.php(18): view('pegawai', Array)
#5 D:\Project\Personal\ortn-brin\system\CodeIgniter.php(825): App\Controllers\Pegawai->index()
#6 D:\Project\Personal\ortn-brin\system\CodeIgniter.php(412): CodeIgniter\CodeIgniter->runController(Object(App\Controllers\Pegawai))
#7 D:\Project\Personal\ortn-brin\system\CodeIgniter.php(320): CodeIgniter\CodeIgniter->handleRequest(NULL, Object(Config\Cache), false)
#8 D:\Project\Personal\ortn-brin\public\index.php(37): CodeIgniter\CodeIgniter->run()
#9 D:\Project\Personal\ortn-brin\system\Commands\Server\rewrite.php(43): require_once('D:\\Project\\Pers...')
#10 {main}
CRITICAL - 2022-01-15 07:00:33 --> syntax error, unexpected '}', expecting end of file
#0 D:\Project\Personal\ortn-brin\system\View\View.php(213): CodeIgniter\View\View->CodeIgniter\View\{closure}()
#1 D:\Project\Personal\ortn-brin\system\Common.php(1089): CodeIgniter\View\View->render('pegawai', Array, true)
#2 D:\Project\Personal\ortn-brin\app\Controllers\Pegawai.php(18): view('pegawai', Array)
#3 D:\Project\Personal\ortn-brin\system\CodeIgniter.php(825): App\Controllers\Pegawai->index()
#4 D:\Project\Personal\ortn-brin\system\CodeIgniter.php(412): CodeIgniter\CodeIgniter->runController(Object(App\Controllers\Pegawai))
#5 D:\Project\Personal\ortn-brin\system\CodeIgniter.php(320): CodeIgniter\CodeIgniter->handleRequest(NULL, Object(Config\Cache), false)
#6 D:\Project\Personal\ortn-brin\public\index.php(37): CodeIgniter\CodeIgniter->run()
#7 D:\Project\Personal\ortn-brin\system\Commands\Server\rewrite.php(43): require_once('D:\\Project\\Pers...')
#8 {main}
CRITICAL - 2022-01-15 07:07:03 --> syntax error, unexpected 'endforeach' (T_ENDFOREACH)
#0 D:\Project\Personal\ortn-brin\system\View\View.php(213): CodeIgniter\View\View->CodeIgniter\View\{closure}()
#1 D:\Project\Personal\ortn-brin\system\Common.php(1089): CodeIgniter\View\View->render('pegawai', Array, true)
#2 D:\Project\Personal\ortn-brin\app\Controllers\Pegawai.php(18): view('pegawai', Array)
#3 D:\Project\Personal\ortn-brin\system\CodeIgniter.php(825): App\Controllers\Pegawai->index()
#4 D:\Project\Personal\ortn-brin\system\CodeIgniter.php(412): CodeIgniter\CodeIgniter->runController(Object(App\Controllers\Pegawai))
#5 D:\Project\Personal\ortn-brin\system\CodeIgniter.php(320): CodeIgniter\CodeIgniter->handleRequest(NULL, Object(Config\Cache), false)
#6 D:\Project\Personal\ortn-brin\public\index.php(37): CodeIgniter\CodeIgniter->run()
#7 D:\Project\Personal\ortn-brin\system\Commands\Server\rewrite.php(43): require_once('D:\\Project\\Pers...')
#8 {main}
CRITICAL - 2022-01-15 07:07:15 --> Invalid argument supplied for foreach()
#0 D:\Project\Personal\ortn-brin\app\Views\pegawai.php(26): CodeIgniter\Debug\Exceptions->errorHandler(2, 'Invalid argumen...', 'D:\\Project\\Pers...', 26, Array)
#1 D:\Project\Personal\ortn-brin\system\View\View.php(210): include('D:\\Project\\Pers...')
#2 D:\Project\Personal\ortn-brin\system\View\View.php(213): CodeIgniter\View\View->CodeIgniter\View\{closure}()
#3 D:\Project\Personal\ortn-brin\system\Common.php(1089): CodeIgniter\View\View->render('pegawai', Array, true)
#4 D:\Project\Personal\ortn-brin\app\Controllers\Pegawai.php(18): view('pegawai', Array)
#5 D:\Project\Personal\ortn-brin\system\CodeIgniter.php(825): App\Controllers\Pegawai->index()
#6 D:\Project\Personal\ortn-brin\system\CodeIgniter.php(412): CodeIgniter\CodeIgniter->runController(Object(App\Controllers\Pegawai))
#7 D:\Project\Personal\ortn-brin\system\CodeIgniter.php(320): CodeIgniter\CodeIgniter->handleRequest(NULL, Object(Config\Cache), false)
#8 D:\Project\Personal\ortn-brin\public\index.php(37): CodeIgniter\CodeIgniter->run()
#9 D:\Project\Personal\ortn-brin\system\Commands\Server\rewrite.php(43): require_once('D:\\Project\\Pers...')
#10 {main}
