CRITICAL - 2022-01-25 21:38:57 --> Call to a member function paginate() on array
#0 D:\Project\Personal\ortn-brin\system\CodeIgniter.php(825): App\Controllers\Pegawai->index()
#1 D:\Project\Personal\ortn-brin\system\CodeIgniter.php(412): CodeIgniter\CodeIgniter->runController(Object(App\Controllers\Pegawai))
#2 D:\Project\Personal\ortn-brin\system\CodeIgniter.php(320): CodeIgniter\CodeIgniter->handleRequest(NULL, Object(Config\Cache), false)
#3 D:\Project\Personal\ortn-brin\public\index.php(37): CodeIgniter\CodeIgniter->run()
#4 D:\Project\Personal\ortn-brin\system\Commands\Server\rewrite.php(43): require_once('D:\\Project\\Pers...')
#5 {main}
CRITICAL - 2022-01-25 21:40:31 --> Call to a member function paginate() on array
#0 D:\Project\Personal\ortn-brin\system\CodeIgniter.php(825): App\Controllers\Pegawai->index()
#1 D:\Project\Personal\ortn-brin\system\CodeIgniter.php(412): CodeIgniter\CodeIgniter->runController(Object(App\Controllers\Pegawai))
#2 D:\Project\Personal\ortn-brin\system\CodeIgniter.php(320): CodeIgniter\CodeIgniter->handleRequest(NULL, Object(Config\Cache), false)
#3 D:\Project\Personal\ortn-brin\public\index.php(37): CodeIgniter\CodeIgniter->run()
#4 D:\Project\Personal\ortn-brin\system\Commands\Server\rewrite.php(43): require_once('D:\\Project\\Pers...')
#5 {main}
CRITICAL - 2022-01-25 21:43:24 --> Call to a member function paginate() on array
#0 D:\Project\Personal\ortn-brin\app\Controllers\Pegawai.php(17): App\Libraries\PegawaiLib->getListPegawai()
#1 D:\Project\Personal\ortn-brin\system\CodeIgniter.php(825): App\Controllers\Pegawai->index()
#2 D:\Project\Personal\ortn-brin\system\CodeIgniter.php(412): CodeIgniter\CodeIgniter->runController(Object(App\Controllers\Pegawai))
#3 D:\Project\Personal\ortn-brin\system\CodeIgniter.php(320): CodeIgniter\CodeIgniter->handleRequest(NULL, Object(Config\Cache), false)
#4 D:\Project\Personal\ortn-brin\public\index.php(37): CodeIgniter\CodeIgniter->run()
#5 D:\Project\Personal\ortn-brin\system\Commands\Server\rewrite.php(43): require_once('D:\\Project\\Pers...')
#6 {main}
CRITICAL - 2022-01-25 21:43:54 --> Call to undefined method Config\Pager::getCurrentPage()
#0 D:\Project\Personal\ortn-brin\app\Libraries\PegawaiLib.php(19): CodeIgniter\BaseModel->paginate(10)
#1 D:\Project\Personal\ortn-brin\app\Controllers\Pegawai.php(17): App\Libraries\PegawaiLib->getListPegawai()
#2 D:\Project\Personal\ortn-brin\system\CodeIgniter.php(825): App\Controllers\Pegawai->index()
#3 D:\Project\Personal\ortn-brin\system\CodeIgniter.php(412): CodeIgniter\CodeIgniter->runController(Object(App\Controllers\Pegawai))
#4 D:\Project\Personal\ortn-brin\system\CodeIgniter.php(320): CodeIgniter\CodeIgniter->handleRequest(NULL, Object(Config\Cache), false)
#5 D:\Project\Personal\ortn-brin\public\index.php(37): CodeIgniter\CodeIgniter->run()
#6 D:\Project\Personal\ortn-brin\system\Commands\Server\rewrite.php(43): require_once('D:\\Project\\Pers...')
#7 {main}
CRITICAL - 2022-01-25 21:44:11 --> Call to undefined method CodeIgniter\Database\MySQLi\Result::paginate()
#0 D:\Project\Personal\ortn-brin\app\Controllers\Pegawai.php(17): App\Libraries\PegawaiLib->getListPegawai()
#1 D:\Project\Personal\ortn-brin\system\CodeIgniter.php(825): App\Controllers\Pegawai->index()
#2 D:\Project\Personal\ortn-brin\system\CodeIgniter.php(412): CodeIgniter\CodeIgniter->runController(Object(App\Controllers\Pegawai))
#3 D:\Project\Personal\ortn-brin\system\CodeIgniter.php(320): CodeIgniter\CodeIgniter->handleRequest(NULL, Object(Config\Cache), false)
#4 D:\Project\Personal\ortn-brin\public\index.php(37): CodeIgniter\CodeIgniter->run()
#5 D:\Project\Personal\ortn-brin\system\Commands\Server\rewrite.php(43): require_once('D:\\Project\\Pers...')
#6 {main}
CRITICAL - 2022-01-25 21:44:40 --> Call to undefined method Config\Pager::getCurrentPage()
#0 D:\Project\Personal\ortn-brin\app\Libraries\PegawaiLib.php(19): CodeIgniter\BaseModel->paginate(10)
#1 D:\Project\Personal\ortn-brin\app\Controllers\Pegawai.php(17): App\Libraries\PegawaiLib->getListPegawai()
#2 D:\Project\Personal\ortn-brin\system\CodeIgniter.php(825): App\Controllers\Pegawai->index()
#3 D:\Project\Personal\ortn-brin\system\CodeIgniter.php(412): CodeIgniter\CodeIgniter->runController(Object(App\Controllers\Pegawai))
#4 D:\Project\Personal\ortn-brin\system\CodeIgniter.php(320): CodeIgniter\CodeIgniter->handleRequest(NULL, Object(Config\Cache), false)
#5 D:\Project\Personal\ortn-brin\public\index.php(37): CodeIgniter\CodeIgniter->run()
#6 D:\Project\Personal\ortn-brin\system\Commands\Server\rewrite.php(43): require_once('D:\\Project\\Pers...')
#7 {main}
CRITICAL - 2022-01-25 21:44:48 --> Call to a member function paginate() on array
#0 D:\Project\Personal\ortn-brin\app\Controllers\Pegawai.php(17): App\Libraries\PegawaiLib->getListPegawai()
#1 D:\Project\Personal\ortn-brin\system\CodeIgniter.php(825): App\Controllers\Pegawai->index()
#2 D:\Project\Personal\ortn-brin\system\CodeIgniter.php(412): CodeIgniter\CodeIgniter->runController(Object(App\Controllers\Pegawai))
#3 D:\Project\Personal\ortn-brin\system\CodeIgniter.php(320): CodeIgniter\CodeIgniter->handleRequest(NULL, Object(Config\Cache), false)
#4 D:\Project\Personal\ortn-brin\public\index.php(37): CodeIgniter\CodeIgniter->run()
#5 D:\Project\Personal\ortn-brin\system\Commands\Server\rewrite.php(43): require_once('D:\\Project\\Pers...')
#6 {main}
CRITICAL - 2022-01-25 21:44:53 --> Call to undefined method Config\Pager::getCurrentPage()
#0 D:\Project\Personal\ortn-brin\app\Libraries\PegawaiLib.php(20): CodeIgniter\BaseModel->paginate(10)
#1 D:\Project\Personal\ortn-brin\app\Controllers\Pegawai.php(17): App\Libraries\PegawaiLib->getListPegawai()
#2 D:\Project\Personal\ortn-brin\system\CodeIgniter.php(825): App\Controllers\Pegawai->index()
#3 D:\Project\Personal\ortn-brin\system\CodeIgniter.php(412): CodeIgniter\CodeIgniter->runController(Object(App\Controllers\Pegawai))
#4 D:\Project\Personal\ortn-brin\system\CodeIgniter.php(320): CodeIgniter\CodeIgniter->handleRequest(NULL, Object(Config\Cache), false)
#5 D:\Project\Personal\ortn-brin\public\index.php(37): CodeIgniter\CodeIgniter->run()
#6 D:\Project\Personal\ortn-brin\system\Commands\Server\rewrite.php(43): require_once('D:\\Project\\Pers...')
#7 {main}
CRITICAL - 2022-01-25 21:46:21 --> Argument 2 passed to CodeIgniter\BaseModel::paginate() must be of the type string, null given, called in D:\Project\Personal\ortn-brin\app\Libraries\PegawaiLib.php on line 20
#0 D:\Project\Personal\ortn-brin\app\Libraries\PegawaiLib.php(20): CodeIgniter\BaseModel->paginate(10, NULL, 1)
#1 D:\Project\Personal\ortn-brin\app\Controllers\Pegawai.php(17): App\Libraries\PegawaiLib->getListPegawai()
#2 D:\Project\Personal\ortn-brin\system\CodeIgniter.php(825): App\Controllers\Pegawai->index()
#3 D:\Project\Personal\ortn-brin\system\CodeIgniter.php(412): CodeIgniter\CodeIgniter->runController(Object(App\Controllers\Pegawai))
#4 D:\Project\Personal\ortn-brin\system\CodeIgniter.php(320): CodeIgniter\CodeIgniter->handleRequest(NULL, Object(Config\Cache), false)
#5 D:\Project\Personal\ortn-brin\public\index.php(37): CodeIgniter\CodeIgniter->run()
#6 D:\Project\Personal\ortn-brin\system\Commands\Server\rewrite.php(43): require_once('D:\\Project\\Pers...')
#7 {main}
CRITICAL - 2022-01-25 21:47:09 --> Call to undefined method Config\Pager::store()
#0 D:\Project\Personal\ortn-brin\app\Libraries\PegawaiLib.php(20): CodeIgniter\BaseModel->paginate(10, 'group1', 1)
#1 D:\Project\Personal\ortn-brin\app\Controllers\Pegawai.php(17): App\Libraries\PegawaiLib->getListPegawai()
#2 D:\Project\Personal\ortn-brin\system\CodeIgniter.php(825): App\Controllers\Pegawai->index()
#3 D:\Project\Personal\ortn-brin\system\CodeIgniter.php(412): CodeIgniter\CodeIgniter->runController(Object(App\Controllers\Pegawai))
#4 D:\Project\Personal\ortn-brin\system\CodeIgniter.php(320): CodeIgniter\CodeIgniter->handleRequest(NULL, Object(Config\Cache), false)
#5 D:\Project\Personal\ortn-brin\public\index.php(37): CodeIgniter\CodeIgniter->run()
#6 D:\Project\Personal\ortn-brin\system\Commands\Server\rewrite.php(43): require_once('D:\\Project\\Pers...')
#7 {main}
CRITICAL - 2022-01-25 22:23:55 --> Invalid argument supplied for foreach()
#0 D:\Project\Personal\ortn-brin\app\Views\pegawai.php(26): CodeIgniter\Debug\Exceptions->errorHandler(2, 'Invalid argumen...', 'D:\\Project\\Pers...', 26, Array)
#1 D:\Project\Personal\ortn-brin\system\View\View.php(210): include('D:\\Project\\Pers...')
#2 D:\Project\Personal\ortn-brin\system\View\View.php(213): CodeIgniter\View\View->CodeIgniter\View\{closure}()
#3 D:\Project\Personal\ortn-brin\system\Common.php(1089): CodeIgniter\View\View->render('pegawai', Array, true)
#4 D:\Project\Personal\ortn-brin\app\Controllers\Pegawai.php(20): view('pegawai', Array)
#5 D:\Project\Personal\ortn-brin\system\CodeIgniter.php(825): App\Controllers\Pegawai->index()
#6 D:\Project\Personal\ortn-brin\system\CodeIgniter.php(412): CodeIgniter\CodeIgniter->runController(Object(App\Controllers\Pegawai))
#7 D:\Project\Personal\ortn-brin\system\CodeIgniter.php(320): CodeIgniter\CodeIgniter->handleRequest(NULL, Object(Config\Cache), false)
#8 D:\Project\Personal\ortn-brin\public\index.php(37): CodeIgniter\CodeIgniter->run()
#9 D:\Project\Personal\ortn-brin\system\Commands\Server\rewrite.php(43): require_once('D:\\Project\\Pers...')
#10 {main}
CRITICAL - 2022-01-25 22:30:28 --> Call to a member function links() on null
#0 D:\Project\Personal\ortn-brin\system\View\View.php(210): include()
#1 D:\Project\Personal\ortn-brin\system\View\View.php(213): CodeIgniter\View\View->CodeIgniter\View\{closure}()
#2 D:\Project\Personal\ortn-brin\system\Common.php(1089): CodeIgniter\View\View->render('pegawai', Array, true)
#3 D:\Project\Personal\ortn-brin\app\Controllers\Pegawai.php(20): view('pegawai', Array)
#4 D:\Project\Personal\ortn-brin\system\CodeIgniter.php(825): App\Controllers\Pegawai->index()
#5 D:\Project\Personal\ortn-brin\system\CodeIgniter.php(412): CodeIgniter\CodeIgniter->runController(Object(App\Controllers\Pegawai))
#6 D:\Project\Personal\ortn-brin\system\CodeIgniter.php(320): CodeIgniter\CodeIgniter->handleRequest(NULL, Object(Config\Cache), false)
#7 D:\Project\Personal\ortn-brin\public\index.php(37): CodeIgniter\CodeIgniter->run()
#8 D:\Project\Personal\ortn-brin\system\Commands\Server\rewrite.php(43): require_once('D:\\Project\\Pers...')
#9 {main}
CRITICAL - 2022-01-25 23:17:17 --> Call to undefined method CodeIgniter\Pager\Pager::setSurroundCount()
#0 D:\Project\Personal\ortn-brin\system\View\View.php(210): include()
#1 D:\Project\Personal\ortn-brin\system\View\View.php(213): CodeIgniter\View\View->CodeIgniter\View\{closure}()
#2 D:\Project\Personal\ortn-brin\system\Pager\Pager.php(125): CodeIgniter\View\View->render('App\\Views\\layou...')
#3 D:\Project\Personal\ortn-brin\system\Pager\Pager.php(83): CodeIgniter\Pager\Pager->displayLinks('group1', 'material_pager')
#4 D:\Project\Personal\ortn-brin\app\Views\pegawai.php(57): CodeIgniter\Pager\Pager->links('group1', 'material_pager')
#5 D:\Project\Personal\ortn-brin\system\View\View.php(210): include('D:\\Project\\Pers...')
#6 D:\Project\Personal\ortn-brin\system\View\View.php(213): CodeIgniter\View\View->CodeIgniter\View\{closure}()
#7 D:\Project\Personal\ortn-brin\system\Common.php(1089): CodeIgniter\View\View->render('pegawai', Array, true)
#8 D:\Project\Personal\ortn-brin\app\Controllers\Pegawai.php(20): view('pegawai', Array)
#9 D:\Project\Personal\ortn-brin\system\CodeIgniter.php(825): App\Controllers\Pegawai->index()
#10 D:\Project\Personal\ortn-brin\system\CodeIgniter.php(412): CodeIgniter\CodeIgniter->runController(Object(App\Controllers\Pegawai))
#11 D:\Project\Personal\ortn-brin\system\CodeIgniter.php(320): CodeIgniter\CodeIgniter->handleRequest(NULL, Object(Config\Cache), false)
#12 D:\Project\Personal\ortn-brin\public\index.php(37): CodeIgniter\CodeIgniter->run()
#13 D:\Project\Personal\ortn-brin\system\Commands\Server\rewrite.php(43): require_once('D:\\Project\\Pers...')
#14 {main}
